<?xml version="1.0" encoding="UTF-8"?>
<!-- Generated by org.testng.reporters.JUnitReportReporter -->
<testsuite hostname="LAPTOP-D48PB34H" failures="0" tests="12" name="com.planit.selenium.tests.JupiterContactsTest" time="116.817" errors="0" timestamp="2022-10-01T19:27:16 AEST" skipped="0">
  <testcase classname="com.planit.selenium.tests.JupiterContactsTest" name="contactsSubmissionPositive" time="8.561"/>
  <system-out/>
  <testcase classname="com.planit.selenium.tests.JupiterContactsTest" name="contactsSubmissionPositive" time="9.728"/>
  <system-out/>
  <testcase classname="com.planit.selenium.tests.JupiterContactsTest" name="contactsSubmissionPositive" time="12.968"/>
  <system-out/>
  <testcase classname="com.planit.selenium.tests.JupiterContactsTest" name="contactsSubmissionPositive" time="7.873"/>
  <system-out/>
  <testcase classname="com.planit.selenium.tests.JupiterContactsTest" name="contactsSubmissionE2E" time="13.537"/>
  <system-out/>
  <testcase classname="com.planit.selenium.tests.JupiterContactsTest" name="contactsSubmissionE2E" time="8.726"/>
  <system-out/>
  <testcase classname="com.planit.selenium.tests.JupiterContactsTest" name="contactsSubmissionPositive" time="6.276"/>
  <system-out/>
  <testcase classname="com.planit.selenium.tests.JupiterContactsTest" name="contactsSubmissionPositive" time="9.402"/>
  <system-out/>
  <testcase classname="com.planit.selenium.tests.JupiterContactsTest" name="contactsSubmissionPositive" time="13.822"/>
  <system-out/>
  <testcase classname="com.planit.selenium.tests.JupiterContactsTest" name="contactsSubmissionPositive" time="10.600"/>
  <system-out/>
  <testcase classname="com.planit.selenium.tests.JupiterContactsTest" name="contactsSubmissionPositive" time="6.484"/>
  <system-out/>
  <testcase classname="com.planit.selenium.tests.JupiterContactsTest" name="contactsSubmissionPositive" time="8.840"/>
  <system-out/>
</testsuite> <!-- com.planit.selenium.tests.JupiterContactsTest -->
