<?xml version="1.0" encoding="UTF-8"?>
<!-- Generated by org.testng.reporters.JUnitReportReporter -->
<testsuite hostname="LAPTOP-D48PB34H" failures="0" tests="1" name="com.planit.selenium.tests.JupiterShoppingCartTest" time="9.680" errors="0" timestamp="2022-10-01T14:57:18 AEST" skipped="0">
  <testcase classname="com.planit.selenium.tests.JupiterShoppingCartTest" name="shoppingCartTest" time="9.680"/>
  <system-out/>
</testsuite> <!-- com.planit.selenium.tests.JupiterShoppingCartTest -->
